<?xml version="1.0" encoding="UTF-8"?>
<!-- Generated by org.testng.reporters.JUnitReportReporter -->
<testsuite skipped="0" hostname="Venkat" name="mypackage.TestDemo" tests="3" failures="0" timestamp="28 Aug 2018 01:47:03 GMT" time="24.337" errors="0">
  <testcase name="flipkart" time="11.628" classname="mypackage.TestDemo"/>
  <testcase name="bing" time="6.912" classname="mypackage.TestDemo"/>
  <testcase name="google" time="5.797" classname="mypackage.TestDemo"/>
</testsuite> <!-- mypackage.TestDemo -->
